Using pre-set license
Built from '2020.2/staging' branch; Version is '2020.2.3f1 (8ff31bc5bf5b) revision 9433883'; Using compiler version '192528614'; Build Type 'Release'
OS: 'Windows 10 Home; OS build 18363.1379; Version 1909; 64bit' Language: 'nl' Physical Memory: 16300 MB
BatchMode: 1, IsHumanControllingUs: 0, StartBugReporterOnCrash: 0, Is64bit: 1, IsPro: 0

 COMMAND LINE ARGUMENTS:
D:\Unity\2020.2.3f1\Editor\Unity.exe
-adb2
-batchMode
-noUpm
-name
AssetImportWorker0
-projectPath
C:/Users/user/Documents/GitHub/Falling-Angels-2D
-logFile
Logs/AssetImportWorker0.log
-srvPort
50720
Successfully changed project path to: C:/Users/user/Documents/GitHub/Falling-Angels-2D
C:/Users/user/Documents/GitHub/Falling-Angels-2D
Using Asset Import Pipeline V2.
Refreshing native plugins compatible for Editor in 65.07 ms, found 1 plugins.
Preloading 0 native plugins for Editor in 0.00 ms.
Initialize engine version: 2020.2.3f1 (8ff31bc5bf5b)
[Subsystems] Discovering subsystems at path D:/Unity/2020.2.3f1/Editor/Data/Resources/UnitySubsystems
[Subsystems] Discovering subsystems at path C:/Users/user/Documents/GitHub/Falling-Angels-2D/Assets
GfxDevice: creating device client; threaded=0
Direct3D:
    Version:  Direct3D 11.0 [level 11.1]
    Renderer: NVIDIA GeForce GTX 1050 (ID=0x1c8d)
    Vendor:   
    VRAM:     1979 MB
    Driver:   27.21.14.5730
Initialize mono
Mono path[0] = 'D:/Unity/2020.2.3f1/Editor/Data/Managed'
Mono path[1] = 'D:/Unity/2020.2.3f1/Editor/Data/MonoBleedingEdge/lib/mono/unityjit'
Mono config path = 'D:/Unity/2020.2.3f1/Editor/Data/MonoBleedingEdge/etc'
Using monoOptions --debugger-agent=transport=dt_socket,embedding=1,server=y,suspend=n,address=127.0.0.1:56680
Begin MonoManager ReloadAssembly
Registering precompiled unity dll's ...
Register platform support module: D:/Unity/2020.2.3f1/Editor/Data/PlaybackEngines/WindowsStandaloneSupport/UnityEditor.WindowsStandalone.Extensions.dll
Registered in 0.001031 seconds.
Native extension for WindowsStandalone target not found
Refreshing native plugins compatible for Editor in 53.32 ms, found 1 plugins.
Preloading 0 native plugins for Editor in 0.00 ms.
Invoked RoslynAnalysisRunner static constructor.
RoslynAnalysisRunner will not be running.
RoslynAnalysisRunner has terminated.
Mono: successfully reloaded assembly
- Completed reload, in  1.026 seconds
Platform modules already initialized, skipping
Registering precompiled user dll's ...
Registered in 0.001332 seconds.
Begin MonoManager ReloadAssembly
Native extension for WindowsStandalone target not found
Refreshing native plugins compatible for Editor in 52.10 ms, found 1 plugins.
Preloading 0 native plugins for Editor in 0.00 ms.
Invoked RoslynAnalysisRunner static constructor.
RoslynAnalysisRunner will not be running.
RoslynAnalysisRunner has terminated.
Mono: successfully reloaded assembly
- Completed reload, in  1.066 seconds
Platform modules already initialized, skipping
========================================================================
Worker process is ready to serve import requests
Launched and connected shader compiler UnityShaderCompiler.exe after 0.07 seconds
Refreshing native plugins compatible for Editor in 0.84 ms, found 1 plugins.
Preloading 0 native plugins for Editor in 0.00 ms.
Unloading 1811 Unused Serialized files (Serialized files now loaded: 0)
System memory in use before: 86.4 MB.
System memory in use after: 86.4 MB.

Unloading 23 unused Assets to reduce memory usage. Loaded Objects now: 2254.
Total: 5.549800 ms (FindLiveObjects: 0.281700 ms CreateObjectMapping: 0.107600 ms MarkObjects: 4.956900 ms  DeleteObjects: 0.200200 ms)

========================================================================
Received Import Request.
  path: Assets/TextMesh Pro
  artifactKey: Guid(f54d1bd14bd3ca042bd867b519fee8cc) Importer(815301076,1909f56bfc062723c751e8b465ee728b)
Start importing Assets/TextMesh Pro using Guid(f54d1bd14bd3ca042bd867b519fee8cc) Importer(815301076,1909f56bfc062723c751e8b465ee728b)  -> (artifact id: '68972ce853caf03172cdec39987c83a4') in 0.016650 seconds
  Import took 0.021982 seconds .

========================================================================
Received Import Request.
  Time since last request: 0.852975 seconds.
  path: Assets/Scenes
  artifactKey: Guid(36e04c50caa9246449cc5f81e94e11dd) Importer(815301076,1909f56bfc062723c751e8b465ee728b)
Start importing Assets/Scenes using Guid(36e04c50caa9246449cc5f81e94e11dd) Importer(815301076,1909f56bfc062723c751e8b465ee728b)  -> (artifact id: 'ccb26dab519c8b41b522f8d22702c269') in 0.008575 seconds
  Import took 0.012601 seconds .

========================================================================
Received Prepare
Registering precompiled user dll's ...
Registered in 0.001440 seconds.
Begin MonoManager ReloadAssembly
Native extension for WindowsStandalone target not found
Refreshing native plugins compatible for Editor in 0.45 ms, found 1 plugins.
Preloading 0 native plugins for Editor in 0.00 ms.
Invoked RoslynAnalysisRunner static constructor.
RoslynAnalysisRunner will not be running.
RoslynAnalysisRunner has terminated.
Mono: successfully reloaded assembly
- Completed reload, in  0.945 seconds
Platform modules already initialized, skipping
Refreshing native plugins compatible for Editor in 0.46 ms, found 1 plugins.
Preloading 0 native plugins for Editor in 0.00 ms.
Unloading 1793 Unused Serialized files (Serialized files now loaded: 0)
System memory in use before: 85.4 MB.
System memory in use after: 85.4 MB.

Unloading 11 unused Assets to reduce memory usage. Loaded Objects now: 2258.
Total: 3.591500 ms (FindLiveObjects: 0.426100 ms CreateObjectMapping: 0.126600 ms MarkObjects: 2.832300 ms  DeleteObjects: 0.184900 ms)

========================================================================
Received Import Request.
  Time since last request: 399.116557 seconds.
  path: Assets/BayatGames/Free Platform Game Assets/Enemies/New Enemy ( Update 1.9 )/2x/Circle.png
  artifactKey: Guid(2acb556981f73e14680b42ae742f93cf) Importer(815301076,1909f56bfc062723c751e8b465ee728b)
Start importing Assets/BayatGames/Free Platform Game Assets/Enemies/New Enemy ( Update 1.9 )/2x/Circle.png using Guid(2acb556981f73e14680b42ae742f93cf) Importer(815301076,1909f56bfc062723c751e8b465ee728b)  -> (artifact id: '0dc6b531a7c21bb981f4d5da32883e7d') in 0.503067 seconds
  Import took 0.508285 seconds .

========================================================================
Received Import Request.
  Time since last request: 0.000294 seconds.
  path: Assets/BayatGames/Free Platform Game Assets/Backgrounds/Background/png/Clouds/128x128/Cloud_2.png
  artifactKey: Guid(ee0b71f75b01641449ee50230ab87913) Importer(815301076,1909f56bfc062723c751e8b465ee728b)
Start importing Assets/BayatGames/Free Platform Game Assets/Backgrounds/Background/png/Clouds/128x128/Cloud_2.png using Guid(ee0b71f75b01641449ee50230ab87913) Importer(815301076,1909f56bfc062723c751e8b465ee728b)  -> (artifact id: 'ec4ae46791183563ea5891701f52dc60') in 0.031250 seconds
  Import took 0.035539 seconds .

========================================================================
Received Import Request.
  Time since last request: 0.000348 seconds.
  path: Assets/BayatGames/Free Platform Game Assets/Enemies/New Enemy ( Update 1.9 )/2x/Circle.png
  artifactKey: Guid(2acb556981f73e14680b42ae742f93cf) Importer(815301076,1909f56bfc062723c751e8b465ee728b)
Start importing Assets/BayatGames/Free Platform Game Assets/Enemies/New Enemy ( Update 1.9 )/2x/Circle.png using Guid(2acb556981f73e14680b42ae742f93cf) Importer(815301076,1909f56bfc062723c751e8b465ee728b)  -> (artifact id: '0dc6b531a7c21bb981f4d5da32883e7d') in 0.018432 seconds
  Import took 0.022339 seconds .

========================================================================
Received Import Request.
  Time since last request: 0.000293 seconds.
  path: Assets/BayatGames/Free Platform Game Assets/Enemies/New Enemy ( Update 1.9 )/8x/Circle.png
  artifactKey: Guid(1a665d63a39c8324da96957bf11f5e48) Importer(815301076,1909f56bfc062723c751e8b465ee728b)
Start importing Assets/BayatGames/Free Platform Game Assets/Enemies/New Enemy ( Update 1.9 )/8x/Circle.png using Guid(1a665d63a39c8324da96957bf11f5e48) Importer(815301076,1909f56bfc062723c751e8b465ee728b)  -> (artifact id: 'bb6ed61f67bc26a92c914ec1e8486de9') in 0.026315 seconds
  Import took 0.030742 seconds .

========================================================================
Received Import Request.
  Time since last request: 0.000261 seconds.
  path: Packages/com.unity.2d.sprite/Editor/ObjectMenuCreation/DefaultAssets/Textures/CircleMask.png
  artifactKey: Guid(87aaca0a643d54397ba969dab4fc8875) Importer(815301076,1909f56bfc062723c751e8b465ee728b)
Start importing Packages/com.unity.2d.sprite/Editor/ObjectMenuCreation/DefaultAssets/Textures/CircleMask.png using Guid(87aaca0a643d54397ba969dab4fc8875) Importer(815301076,1909f56bfc062723c751e8b465ee728b)  -> (artifact id: '1d4186660e7d77e4be252db5b796af7f') in 0.075340 seconds
  Import took 0.080432 seconds .

========================================================================
Received Import Request.
  Time since last request: 0.000313 seconds.
  path: Assets/BayatGames/Free Platform Game Assets/Backgrounds/Background/png/Clouds/256x256/Cloud_1.png
  artifactKey: Guid(5b0dd6e794df0914c8895afc55887d25) Importer(815301076,1909f56bfc062723c751e8b465ee728b)
Start importing Assets/BayatGames/Free Platform Game Assets/Backgrounds/Background/png/Clouds/256x256/Cloud_1.png using Guid(5b0dd6e794df0914c8895afc55887d25) Importer(815301076,1909f56bfc062723c751e8b465ee728b)  -> (artifact id: '33655ba6c5edaed8a870e0663dff298e') in 0.027284 seconds
  Import took 0.031636 seconds .

========================================================================
Received Import Request.
  Time since last request: 0.000304 seconds.
  path: Assets/BayatGames/Free Platform Game Assets/Backgrounds/Background/png/Clouds/512x512/Cloud_1.png
  artifactKey: Guid(6569f050eb039b347b19b50bd2aa4c7a) Importer(815301076,1909f56bfc062723c751e8b465ee728b)
Start importing Assets/BayatGames/Free Platform Game Assets/Backgrounds/Background/png/Clouds/512x512/Cloud_1.png using Guid(6569f050eb039b347b19b50bd2aa4c7a) Importer(815301076,1909f56bfc062723c751e8b465ee728b)  -> (artifact id: '0eb2d371b7907bf35900fb2ccec0472b') in 0.023218 seconds
  Import took 0.027392 seconds .

========================================================================
Received Import Request.
  Time since last request: 0.000302 seconds.
  path: Assets/BayatGames/Free Platform Game Assets/Backgrounds/Background/png/Clouds/128x128/Cloud_1.png
  artifactKey: Guid(53a92b61ea7dbdb45a0b3db4c15903c6) Importer(815301076,1909f56bfc062723c751e8b465ee728b)
Start importing Assets/BayatGames/Free Platform Game Assets/Backgrounds/Background/png/Clouds/128x128/Cloud_1.png using Guid(53a92b61ea7dbdb45a0b3db4c15903c6) Importer(815301076,1909f56bfc062723c751e8b465ee728b)  -> (artifact id: '17a978a42f7f66beab3cc13049fe6584') in 0.019538 seconds
  Import took 0.024120 seconds .

========================================================================
Received Import Request.
  Time since last request: 0.000244 seconds.
  path: Assets/BayatGames/Free Platform Game Assets/Enemies/New Enemy ( Update 1.9 )/4x/Circle.png
  artifactKey: Guid(fee750d985061a749ac85f5e5bcd989e) Importer(815301076,1909f56bfc062723c751e8b465ee728b)
Start importing Assets/BayatGames/Free Platform Game Assets/Enemies/New Enemy ( Update 1.9 )/4x/Circle.png using Guid(fee750d985061a749ac85f5e5bcd989e) Importer(815301076,1909f56bfc062723c751e8b465ee728b)  -> (artifact id: 'a1899b0d939fcb420f1002606f5ea789') in 0.024774 seconds
  Import took 0.029593 seconds .

========================================================================
Received Import Request.
  Time since last request: 0.185235 seconds.
  path: Assets/BayatGames/Free Platform Game Assets/Backgrounds/Background/png/Clouds/512x512/Cloud_2.png
  artifactKey: Guid(53e9bcf30a85ac849b8601b8740d4f41) Importer(815301076,1909f56bfc062723c751e8b465ee728b)
Start importing Assets/BayatGames/Free Platform Game Assets/Backgrounds/Background/png/Clouds/512x512/Cloud_2.png using Guid(53e9bcf30a85ac849b8601b8740d4f41) Importer(815301076,1909f56bfc062723c751e8b465ee728b)  -> (artifact id: 'd5ae5a66f3c1c256ff57e402ab8e4c9e') in 0.022203 seconds
  Import took 0.026540 seconds .

========================================================================
Received Import Request.
  Time since last request: 0.000277 seconds.
  path: Assets/BayatGames/Free Platform Game Assets/Backgrounds/Background/png/Clouds/256x256/Cloud_2.png
  artifactKey: Guid(3e2b3f9a8d52ea840897382a429346d3) Importer(815301076,1909f56bfc062723c751e8b465ee728b)
Start importing Assets/BayatGames/Free Platform Game Assets/Backgrounds/Background/png/Clouds/256x256/Cloud_2.png using Guid(3e2b3f9a8d52ea840897382a429346d3) Importer(815301076,1909f56bfc062723c751e8b465ee728b)  -> (artifact id: 'b4378f1217121d95334e68e7485cccab') in 0.020329 seconds
  Import took 0.024461 seconds .

========================================================================
Received Import Request.
  Time since last request: 0.000206 seconds.
  path: Assets/BayatGames/Free Platform Game Assets/Backgrounds/Background/png/Clouds/512x512/Cloud_2.png
  artifactKey: Guid(53e9bcf30a85ac849b8601b8740d4f41) Importer(815301076,1909f56bfc062723c751e8b465ee728b)
Start importing Assets/BayatGames/Free Platform Game Assets/Backgrounds/Background/png/Clouds/512x512/Cloud_2.png using Guid(53e9bcf30a85ac849b8601b8740d4f41) Importer(815301076,1909f56bfc062723c751e8b465ee728b)  -> (artifact id: 'd5ae5a66f3c1c256ff57e402ab8e4c9e') in 0.013523 seconds
  Import took 0.017968 seconds .

========================================================================
Received Import Request.
  Time since last request: 0.000222 seconds.
  path: Assets/BayatGames/Free Platform Game Assets/Backgrounds/Background/png/Clouds/256x256/Cloud_2.png
  artifactKey: Guid(3e2b3f9a8d52ea840897382a429346d3) Importer(815301076,1909f56bfc062723c751e8b465ee728b)
Start importing Assets/BayatGames/Free Platform Game Assets/Backgrounds/Background/png/Clouds/256x256/Cloud_2.png using Guid(3e2b3f9a8d52ea840897382a429346d3) Importer(815301076,1909f56bfc062723c751e8b465ee728b)  -> (artifact id: 'b4378f1217121d95334e68e7485cccab') in 0.014894 seconds
  Import took 0.018551 seconds .

========================================================================
Received Import Request.
  Time since last request: 0.000197 seconds.
  path: Assets/BayatGames/Free Platform Game Assets/Coin Animation/png/2x/Coin.png
  artifactKey: Guid(5ed5157cf45e6ee409511594fb89377b) Importer(815301076,1909f56bfc062723c751e8b465ee728b)
Start importing Assets/BayatGames/Free Platform Game Assets/Coin Animation/png/2x/Coin.png using Guid(5ed5157cf45e6ee409511594fb89377b) Importer(815301076,1909f56bfc062723c751e8b465ee728b)  -> (artifact id: '9fc887582f178e40799b7fcf9fd3cfb4') in 0.027783 seconds
  Import took 0.032649 seconds .

========================================================================
Received Import Request.
  Time since last request: 0.000349 seconds.
  path: Assets/BayatGames/Free Platform Game Assets/Coin Animation/png/4x/Coin.png
  artifactKey: Guid(c1ce1be65fa901744898a224b57aa5aa) Importer(815301076,1909f56bfc062723c751e8b465ee728b)
Start importing Assets/BayatGames/Free Platform Game Assets/Coin Animation/png/4x/Coin.png using Guid(c1ce1be65fa901744898a224b57aa5aa) Importer(815301076,1909f56bfc062723c751e8b465ee728b)  -> (artifact id: '429bbecdff89cd487aeb217904039057') in 0.024543 seconds
  Import took 0.028932 seconds .

========================================================================
Received Import Request.
  Time since last request: 0.031084 seconds.
  path: Assets/BayatGames/Free Platform Game Assets/Tiles/2.5D Tiles/Spring/png/512x512/Column.png
  artifactKey: Guid(4ca17caca507520499c5a6f3d5af0a91) Importer(815301076,1909f56bfc062723c751e8b465ee728b)
Start importing Assets/BayatGames/Free Platform Game Assets/Tiles/2.5D Tiles/Spring/png/512x512/Column.png using Guid(4ca17caca507520499c5a6f3d5af0a91) Importer(815301076,1909f56bfc062723c751e8b465ee728b)  -> (artifact id: '4676d661d239b2ea9e61da22d0f25b1d') in 0.021512 seconds
  Import took 0.024939 seconds .

========================================================================
Received Import Request.
  Time since last request: 0.000219 seconds.
  path: Assets/BayatGames/Free Platform Game Assets/Tiles/2.5D Tiles/Spring/png/128x128/Column.png
  artifactKey: Guid(2c6da6de413f9d247857d8db01202bc2) Importer(815301076,1909f56bfc062723c751e8b465ee728b)
Start importing Assets/BayatGames/Free Platform Game Assets/Tiles/2.5D Tiles/Spring/png/128x128/Column.png using Guid(2c6da6de413f9d247857d8db01202bc2) Importer(815301076,1909f56bfc062723c751e8b465ee728b)  -> (artifact id: '370fbeb4097ccc050bf501b4dcbed3c7') in 0.019872 seconds
  Import took 0.023969 seconds .

========================================================================
Received Import Request.
  Time since last request: 0.185030 seconds.
  path: Assets/BayatGames/Free Platform Game Assets/Tiles/2.5D Tiles/Spring/png/256x256/Column.png
  artifactKey: Guid(58d505ee0adadac4281e31a5c5bd7464) Importer(815301076,1909f56bfc062723c751e8b465ee728b)
Start importing Assets/BayatGames/Free Platform Game Assets/Tiles/2.5D Tiles/Spring/png/256x256/Column.png using Guid(58d505ee0adadac4281e31a5c5bd7464) Importer(815301076,1909f56bfc062723c751e8b465ee728b)  -> (artifact id: '21ab9243a85f1e686690ca4e1f60494f') in 0.021649 seconds
  Import took 0.027361 seconds .

========================================================================
Received Import Request.
  Time since last request: 0.000393 seconds.
  path: Assets/BayatGames/Free Platform Game Assets/Tiles/2.5D Tiles/Spring/png/512x512/column_down.png
  artifactKey: Guid(73ec061e7811d0a4cac3fdc4a1077ec1) Importer(815301076,1909f56bfc062723c751e8b465ee728b)
Start importing Assets/BayatGames/Free Platform Game Assets/Tiles/2.5D Tiles/Spring/png/512x512/column_down.png using Guid(73ec061e7811d0a4cac3fdc4a1077ec1) Importer(815301076,1909f56bfc062723c751e8b465ee728b)  -> (artifact id: '6f007280c420d38f380a945ae4a10849') in 0.026747 seconds
  Import took 0.032404 seconds .

========================================================================
Received Import Request.
  Time since last request: 0.000234 seconds.
  path: Assets/BayatGames/Free Platform Game Assets/Tiles/2.5D Tiles/Spring/png/256x256/Column.png
  artifactKey: Guid(58d505ee0adadac4281e31a5c5bd7464) Importer(815301076,1909f56bfc062723c751e8b465ee728b)
Start importing Assets/BayatGames/Free Platform Game Assets/Tiles/2.5D Tiles/Spring/png/256x256/Column.png using Guid(58d505ee0adadac4281e31a5c5bd7464) Importer(815301076,1909f56bfc062723c751e8b465ee728b)  -> (artifact id: '21ab9243a85f1e686690ca4e1f60494f') in 0.015235 seconds
  Import took 0.019470 seconds .

========================================================================
Received Import Request.
  Time since last request: 0.000199 seconds.
  path: Assets/BayatGames/Free Platform Game Assets/Tiles/2.5D Tiles/Spring/png/512x512/column_down.png
  artifactKey: Guid(73ec061e7811d0a4cac3fdc4a1077ec1) Importer(815301076,1909f56bfc062723c751e8b465ee728b)
Start importing Assets/BayatGames/Free Platform Game Assets/Tiles/2.5D Tiles/Spring/png/512x512/column_down.png using Guid(73ec061e7811d0a4cac3fdc4a1077ec1) Importer(815301076,1909f56bfc062723c751e8b465ee728b)  -> (artifact id: '6f007280c420d38f380a945ae4a10849') in 0.013045 seconds
  Import took 0.018515 seconds .

========================================================================
Received Import Request.
  Time since last request: 0.022699 seconds.
  path: Assets/BayatGames/Free Platform Game Assets/Tiles/2.5D Tiles/Spring/png/128x128/column_down.png
  artifactKey: Guid(416f7581c5f0ad24c9d91e8f3c4f84c3) Importer(815301076,1909f56bfc062723c751e8b465ee728b)
Start importing Assets/BayatGames/Free Platform Game Assets/Tiles/2.5D Tiles/Spring/png/128x128/column_down.png using Guid(416f7581c5f0ad24c9d91e8f3c4f84c3) Importer(815301076,1909f56bfc062723c751e8b465ee728b)  -> (artifact id: 'a6a9465b2fdc633a46f63a19b9260d27') in 0.019621 seconds
  Import took 0.024558 seconds .

========================================================================
Received Import Request.
  Time since last request: 0.000371 seconds.
  path: Assets/BayatGames/Free Platform Game Assets/Tiles/2.5D Tiles/Spring/png/256x256/column_up.png
  artifactKey: Guid(75713212eb3c98d44a192e2273fb1abd) Importer(815301076,1909f56bfc062723c751e8b465ee728b)
Start importing Assets/BayatGames/Free Platform Game Assets/Tiles/2.5D Tiles/Spring/png/256x256/column_up.png using Guid(75713212eb3c98d44a192e2273fb1abd) Importer(815301076,1909f56bfc062723c751e8b465ee728b)  -> (artifact id: 'b229d24e5a97feb3b4e00982cfaa700e') in 0.030694 seconds
  Import took 0.036307 seconds .

========================================================================
Received Import Request.
  Time since last request: 0.000284 seconds.
  path: Assets/BayatGames/Free Platform Game Assets/Tiles/2.5D Tiles/Spring/png/256x256/column_down.png
  artifactKey: Guid(46ad2922f94db164c887e55298f93e96) Importer(815301076,1909f56bfc062723c751e8b465ee728b)
Start importing Assets/BayatGames/Free Platform Game Assets/Tiles/2.5D Tiles/Spring/png/256x256/column_down.png using Guid(46ad2922f94db164c887e55298f93e96) Importer(815301076,1909f56bfc062723c751e8b465ee728b)  -> (artifact id: 'cb8d54310700af67fe4e41d7147e1a80') in 0.022613 seconds
  Import took 0.027203 seconds .

========================================================================
Received Import Request.
  Time since last request: 0.000183 seconds.
  path: Assets/BayatGames/Free Platform Game Assets/Tiles/2.5D Tiles/Spring/png/256x256/column_up.png
  artifactKey: Guid(75713212eb3c98d44a192e2273fb1abd) Importer(815301076,1909f56bfc062723c751e8b465ee728b)
Start importing Assets/BayatGames/Free Platform Game Assets/Tiles/2.5D Tiles/Spring/png/256x256/column_up.png using Guid(75713212eb3c98d44a192e2273fb1abd) Importer(815301076,1909f56bfc062723c751e8b465ee728b)  -> (artifact id: 'b229d24e5a97feb3b4e00982cfaa700e') in 0.014249 seconds
  Import took 0.017946 seconds .

========================================================================
Received Import Request.
  Time since last request: 0.000230 seconds.
  path: Assets/BayatGames/Free Platform Game Assets/Tiles/2.5D Tiles/Spring/png/512x512/column_up.png
  artifactKey: Guid(bcee5f9dfde2e2b46a25ac3129b47408) Importer(815301076,1909f56bfc062723c751e8b465ee728b)
Start importing Assets/BayatGames/Free Platform Game Assets/Tiles/2.5D Tiles/Spring/png/512x512/column_up.png using Guid(bcee5f9dfde2e2b46a25ac3129b47408) Importer(815301076,1909f56bfc062723c751e8b465ee728b)  -> (artifact id: '32ec2a29d6262bbcb6f4eedcb0baf503') in 0.023328 seconds
  Import took 0.027804 seconds .

========================================================================
Received Import Request.
  Time since last request: 0.429533 seconds.
  path: Assets/BayatGames/Free Platform Game Assets/Chests/New Chests ( Update 1.8.5 )/png/Sheets/Chest Sheet-2048x512(1x).png
  artifactKey: Guid(7cb899fc6a4c5854bab6cbec149316b4) Importer(815301076,1909f56bfc062723c751e8b465ee728b)
Start importing Assets/BayatGames/Free Platform Game Assets/Chests/New Chests ( Update 1.8.5 )/png/Sheets/Chest Sheet-2048x512(1x).png using Guid(7cb899fc6a4c5854bab6cbec149316b4) Importer(815301076,1909f56bfc062723c751e8b465ee728b)  -> (artifact id: '8bb5b19515ee301e2f4482aa9c6cce49') in 0.029782 seconds
  Import took 0.034468 seconds .

========================================================================
Received Import Request.
  Time since last request: 0.000183 seconds.
  path: Assets/BayatGames/Free Platform Game Assets/Chests/New Chests ( Update 1.8.5 )/png/Sheets/Chest Sheet-4096x1024(2x).png
  artifactKey: Guid(7c06cf3384036714182059269bbce750) Importer(815301076,1909f56bfc062723c751e8b465ee728b)
Start importing Assets/BayatGames/Free Platform Game Assets/Chests/New Chests ( Update 1.8.5 )/png/Sheets/Chest Sheet-4096x1024(2x).png using Guid(7c06cf3384036714182059269bbce750) Importer(815301076,1909f56bfc062723c751e8b465ee728b)  -> (artifact id: '5d42a8daf1514d9334e46720db4b6023') in 0.024505 seconds
  Import took 0.028975 seconds .

========================================================================
Received Import Request.
  Time since last request: 0.000272 seconds.
  path: Assets/BayatGames/Free Platform Game Assets/Chests/Chest/png/Sheet/Chest 2048x512(2x).png
  artifactKey: Guid(1685ff528d5846041ab0a8a01abb369b) Importer(815301076,1909f56bfc062723c751e8b465ee728b)
Start importing Assets/BayatGames/Free Platform Game Assets/Chests/Chest/png/Sheet/Chest 2048x512(2x).png using Guid(1685ff528d5846041ab0a8a01abb369b) Importer(815301076,1909f56bfc062723c751e8b465ee728b)  -> (artifact id: '62f574e53e108500c5fbe3b4ff8a26fd') in 0.025100 seconds
  Import took 0.028941 seconds .

========================================================================
Received Import Request.
  Time since last request: 0.000193 seconds.
  path: Assets/BayatGames/Free Platform Game Assets/Chests/Chest/png/Sheet/Chest 4096x1024(4x).png
  artifactKey: Guid(6f10393485ec6e74a95c7a6a2478cf3c) Importer(815301076,1909f56bfc062723c751e8b465ee728b)
Start importing Assets/BayatGames/Free Platform Game Assets/Chests/Chest/png/Sheet/Chest 4096x1024(4x).png using Guid(6f10393485ec6e74a95c7a6a2478cf3c) Importer(815301076,1909f56bfc062723c751e8b465ee728b)  -> (artifact id: '415f57b9a4a4f343d1c5ad1e80b854d1') in 0.025183 seconds
  Import took 0.028911 seconds .

========================================================================
Received Import Request.
  Time since last request: 1.581993 seconds.
  path: Assets/BayatGames/Free Platform Game Assets/Chests/Chest/png/Separate/1x/1-1x.png
  artifactKey: Guid(933891f03a7cd884d9aa2fb57544a342) Importer(815301076,1909f56bfc062723c751e8b465ee728b)
Start importing Assets/BayatGames/Free Platform Game Assets/Chests/Chest/png/Separate/1x/1-1x.png using Guid(933891f03a7cd884d9aa2fb57544a342) Importer(815301076,1909f56bfc062723c751e8b465ee728b)  -> (artifact id: 'b29ef2fac6a867451dbb7cfe2545c4e2') in 0.026595 seconds
  Import took 0.031904 seconds .

========================================================================
Received Import Request.
  Time since last request: 0.000244 seconds.
  path: Assets/BayatGames/Free Platform Game Assets/Chests/Chest/png/Separate/2x/1-2x.png
  artifactKey: Guid(b981cc118659b144b9169dbeebb8df37) Importer(815301076,1909f56bfc062723c751e8b465ee728b)
Start importing Assets/BayatGames/Free Platform Game Assets/Chests/Chest/png/Separate/2x/1-2x.png using Guid(b981cc118659b144b9169dbeebb8df37) Importer(815301076,1909f56bfc062723c751e8b465ee728b)  -> (artifact id: '2354259b5cc49b2b77ce56f62eb95db6') in 0.036312 seconds
  Import took 0.040365 seconds .

========================================================================
Received Import Request.
  Time since last request: 0.000300 seconds.
  path: Assets/BayatGames/Free Platform Game Assets/Water Animation/2D view ( Update 1.9 )/128x128/1-1x.png
  artifactKey: Guid(f79882f6d0651fe4ea92b2a889f628bb) Importer(815301076,1909f56bfc062723c751e8b465ee728b)
Start importing Assets/BayatGames/Free Platform Game Assets/Water Animation/2D view ( Update 1.9 )/128x128/1-1x.png using Guid(f79882f6d0651fe4ea92b2a889f628bb) Importer(815301076,1909f56bfc062723c751e8b465ee728b)  -> (artifact id: 'edd6c2ab7985798b00a60c8692578a82') in 0.024949 seconds
  Import took 0.029483 seconds .

========================================================================
Received Import Request.
  Time since last request: 0.000252 seconds.
  path: Assets/BayatGames/Free Platform Game Assets/Water Animation/2D view ( Update 1.9 )/512x512/1-4x.png
  artifactKey: Guid(91860808ac3774d4f8da7b5a81a3769a) Importer(815301076,1909f56bfc062723c751e8b465ee728b)
Start importing Assets/BayatGames/Free Platform Game Assets/Water Animation/2D view ( Update 1.9 )/512x512/1-4x.png using Guid(91860808ac3774d4f8da7b5a81a3769a) Importer(815301076,1909f56bfc062723c751e8b465ee728b)  -> (artifact id: '01dfcb460cd7f54c1a225a743eb54261') in 0.027271 seconds
  Import took 0.031732 seconds .

========================================================================
Received Import Request.
  Time since last request: 0.000279 seconds.
  path: Assets/BayatGames/Free Platform Game Assets/Water Animation/2D view ( Update 1.9 )/256x256/1-2x.png
  artifactKey: Guid(cb1e2fe69911bb14995196d879e91b46) Importer(815301076,1909f56bfc062723c751e8b465ee728b)
Start importing Assets/BayatGames/Free Platform Game Assets/Water Animation/2D view ( Update 1.9 )/256x256/1-2x.png using Guid(cb1e2fe69911bb14995196d879e91b46) Importer(815301076,1909f56bfc062723c751e8b465ee728b)  -> (artifact id: '7e9541a5d335bcd523c9425bc2f103a5') in 0.027527 seconds
  Import took 0.032460 seconds .

========================================================================
Received Import Request.
  Time since last request: 0.000209 seconds.
  path: Assets/BayatGames/Free Platform Game Assets/Chests/Chest/png/Separate/4x/1-4x.png
  artifactKey: Guid(44268e15db5b69d4eb2cf7293abe5bca) Importer(815301076,1909f56bfc062723c751e8b465ee728b)
Start importing Assets/BayatGames/Free Platform Game Assets/Chests/Chest/png/Separate/4x/1-4x.png using Guid(44268e15db5b69d4eb2cf7293abe5bca) Importer(815301076,1909f56bfc062723c751e8b465ee728b)  -> (artifact id: '46bf0484d9f722e7891a52664a3acfd3') in 0.024269 seconds
  Import took 0.028514 seconds .

========================================================================
Received Import Request.
  Time since last request: 0.000197 seconds.
  path: Assets/BayatGames/Free Platform Game Assets/Chests/New Chests ( Update 1.8.5 )/png/Separate/Model-1/2x/1-2x.png
  artifactKey: Guid(351abf0ea3f717641bda51db399aeb5a) Importer(815301076,1909f56bfc062723c751e8b465ee728b)
Start importing Assets/BayatGames/Free Platform Game Assets/Chests/New Chests ( Update 1.8.5 )/png/Separate/Model-1/2x/1-2x.png using Guid(351abf0ea3f717641bda51db399aeb5a) Importer(815301076,1909f56bfc062723c751e8b465ee728b)  -> (artifact id: '7ab6206a8edb16fc71f2b93541da6711') in 0.021649 seconds
  Import took 0.025887 seconds .

========================================================================
Received Import Request.
  Time since last request: 0.000199 seconds.
  path: Assets/BayatGames/Free Platform Game Assets/Chests/New Chests ( Update 1.8.5 )/png/Separate/Model-1/1x/1-1x.png
  artifactKey: Guid(0df83e8524ff54548ab3b7a1ee0feb50) Importer(815301076,1909f56bfc062723c751e8b465ee728b)
Start importing Assets/BayatGames/Free Platform Game Assets/Chests/New Chests ( Update 1.8.5 )/png/Separate/Model-1/1x/1-1x.png using Guid(0df83e8524ff54548ab3b7a1ee0feb50) Importer(815301076,1909f56bfc062723c751e8b465ee728b)  -> (artifact id: 'b4a40335fc69cd64b8c570d8d9637e92') in 0.021674 seconds
  Import took 0.026254 seconds .

========================================================================
Received Import Request.
  Time since last request: 0.000229 seconds.
  path: Assets/BayatGames/Free Platform Game Assets/Chests/New Chests ( Update 1.8.5 )/png/Separate/Model-1/2x/1-2x.png
  artifactKey: Guid(351abf0ea3f717641bda51db399aeb5a) Importer(815301076,1909f56bfc062723c751e8b465ee728b)
Start importing Assets/BayatGames/Free Platform Game Assets/Chests/New Chests ( Update 1.8.5 )/png/Separate/Model-1/2x/1-2x.png using Guid(351abf0ea3f717641bda51db399aeb5a) Importer(815301076,1909f56bfc062723c751e8b465ee728b)  -> (artifact id: '7ab6206a8edb16fc71f2b93541da6711') in 0.014590 seconds
  Import took 0.019854 seconds .

========================================================================
Received Import Request.
  Time since last request: 3.630356 seconds.
  path: Assets/Music and Sound/BackgroundMusic.flac
  artifactKey: Guid(20d92434d65705043a7ba38bd600cce7) Importer(815301076,1909f56bfc062723c751e8b465ee728b)
Start importing Assets/Music and Sound/BackgroundMusic.flac using Guid(20d92434d65705043a7ba38bd600cce7) Importer(815301076,1909f56bfc062723c751e8b465ee728b)  -> (artifact id: '6447504334fff0226e7605bde3562131') in 0.319706 seconds
  Import took 0.323195 seconds .

========================================================================
Received Import Request.
  Time since last request: 3.909561 seconds.
  path: Assets/Sprites
  artifactKey: Guid(92a01169fc04dbd4ab40bd7350c66acb) Importer(815301076,1909f56bfc062723c751e8b465ee728b)
Start importing Assets/Sprites using Guid(92a01169fc04dbd4ab40bd7350c66acb) Importer(815301076,1909f56bfc062723c751e8b465ee728b)  -> (artifact id: 'bee8b013d93da31b1785ef53f0b2adc8') in 0.011884 seconds
  Import took 0.016694 seconds .

========================================================================
Received Import Request.
  Time since last request: 0.033823 seconds.
  path: Assets/Sprites/angel_001.png
  artifactKey: Guid(c38063ae7f90edd449786d4a5d66ca27) Importer(815301076,1909f56bfc062723c751e8b465ee728b)
Start importing Assets/Sprites/angel_001.png using Guid(c38063ae7f90edd449786d4a5d66ca27) Importer(815301076,1909f56bfc062723c751e8b465ee728b)  -> (artifact id: '7eb648f5358c1d9ef49720f3e752f877') in 0.031612 seconds
  Import took 0.035950 seconds .

========================================================================
Received Import Request.
  Time since last request: 0.073919 seconds.
  path: Assets/Sprites/Background.jpg
  artifactKey: Guid(ce90af4ac6f816e408716805cfb25672) Importer(815301076,1909f56bfc062723c751e8b465ee728b)
Start importing Assets/Sprites/Background.jpg using Guid(ce90af4ac6f816e408716805cfb25672) Importer(815301076,1909f56bfc062723c751e8b465ee728b)  -> (artifact id: 'edb76900baaa5935ead6202a2277e3bd') in 0.034957 seconds
  Import took 0.039870 seconds .

========================================================================
Received Import Request.
  Time since last request: 0.000296 seconds.
  path: Assets/Sprites/devil_001.png
  artifactKey: Guid(255f7c12ca9118f49a2de9e1d14ea332) Importer(815301076,1909f56bfc062723c751e8b465ee728b)
Start importing Assets/Sprites/devil_001.png using Guid(255f7c12ca9118f49a2de9e1d14ea332) Importer(815301076,1909f56bfc062723c751e8b465ee728b)  -> (artifact id: '16cc509de4bc61dec32a7f00111822a2') in 0.026094 seconds
  Import took 0.031399 seconds .

========================================================================
Received Import Request.
  Time since last request: 0.000304 seconds.
  path: Assets/Sprites/Background.jpg
  artifactKey: Guid(ce90af4ac6f816e408716805cfb25672) Importer(815301076,1909f56bfc062723c751e8b465ee728b)
Start importing Assets/Sprites/Background.jpg using Guid(ce90af4ac6f816e408716805cfb25672) Importer(815301076,1909f56bfc062723c751e8b465ee728b)  -> (artifact id: 'edb76900baaa5935ead6202a2277e3bd') in 0.024780 seconds
  Import took 0.028485 seconds .

========================================================================
Received Import Request.
  Time since last request: 0.000299 seconds.
  path: Assets/Sprites/devil_001.png
  artifactKey: Guid(255f7c12ca9118f49a2de9e1d14ea332) Importer(815301076,1909f56bfc062723c751e8b465ee728b)
Start importing Assets/Sprites/devil_001.png using Guid(255f7c12ca9118f49a2de9e1d14ea332) Importer(815301076,1909f56bfc062723c751e8b465ee728b)  -> (artifact id: '16cc509de4bc61dec32a7f00111822a2') in 0.012902 seconds
  Import took 0.017651 seconds .

========================================================================
Received Prepare
Registering precompiled user dll's ...
Registered in 0.001959 seconds.
Begin MonoManager ReloadAssembly
Native extension for WindowsStandalone target not found
Refreshing native plugins compatible for Editor in 0.50 ms, found 1 plugins.
Preloading 0 native plugins for Editor in 0.00 ms.
Invoked RoslynAnalysisRunner static constructor.
RoslynAnalysisRunner will not be running.
RoslynAnalysisRunner has terminated.
Mono: successfully reloaded assembly
- Completed reload, in  1.214 seconds
Platform modules already initialized, skipping
Refreshing native plugins compatible for Editor in 0.78 ms, found 1 plugins.
Preloading 0 native plugins for Editor in 0.00 ms.
Unloading 1793 Unused Serialized files (Serialized files now loaded: 0)
System memory in use before: 88.6 MB.
System memory in use after: 88.6 MB.

Unloading 11 unused Assets to reduce memory usage. Loaded Objects now: 2286.
Total: 3.554200 ms (FindLiveObjects: 0.483300 ms CreateObjectMapping: 0.187800 ms MarkObjects: 2.745100 ms  DeleteObjects: 0.136200 ms)

========================================================================
Received Prepare
Registering precompiled user dll's ...
Registered in 0.001259 seconds.
Begin MonoManager ReloadAssembly
Native extension for WindowsStandalone target not found
Refreshing native plugins compatible for Editor in 0.51 ms, found 1 plugins.
Preloading 0 native plugins for Editor in 0.00 ms.
Invoked RoslynAnalysisRunner static constructor.
RoslynAnalysisRunner will not be running.
RoslynAnalysisRunner has terminated.
Mono: successfully reloaded assembly
- Completed reload, in  1.413 seconds
Platform modules already initialized, skipping
Refreshing native plugins compatible for Editor in 0.89 ms, found 1 plugins.
Preloading 0 native plugins for Editor in 0.00 ms.
Unloading 1793 Unused Serialized files (Serialized files now loaded: 0)
System memory in use before: 88.6 MB.
System memory in use after: 88.7 MB.

Unloading 11 unused Assets to reduce memory usage. Loaded Objects now: 2289.
Total: 2.241600 ms (FindLiveObjects: 0.219700 ms CreateObjectMapping: 0.088400 ms MarkObjects: 1.831400 ms  DeleteObjects: 0.100100 ms)

========================================================================
Received Prepare
Registering precompiled user dll's ...
Registered in 0.001210 seconds.
Begin MonoManager ReloadAssembly
Native extension for WindowsStandalone target not found
Refreshing native plugins compatible for Editor in 0.58 ms, found 1 plugins.
Preloading 0 native plugins for Editor in 0.00 ms.
Invoked RoslynAnalysisRunner static constructor.
RoslynAnalysisRunner will not be running.
RoslynAnalysisRunner has terminated.
Mono: successfully reloaded assembly
- Completed reload, in  1.198 seconds
Platform modules already initialized, skipping
Refreshing native plugins compatible for Editor in 0.54 ms, found 1 plugins.
Preloading 0 native plugins for Editor in 0.00 ms.
Unloading 1793 Unused Serialized files (Serialized files now loaded: 0)
System memory in use before: 88.6 MB.
System memory in use after: 88.7 MB.

Unloading 11 unused Assets to reduce memory usage. Loaded Objects now: 2292.
Total: 2.605300 ms (FindLiveObjects: 0.318000 ms CreateObjectMapping: 0.107600 ms MarkObjects: 2.035600 ms  DeleteObjects: 0.142800 ms)

========================================================================
Received Prepare
Registering precompiled user dll's ...
Registered in 0.001240 seconds.
Begin MonoManager ReloadAssembly
Native extension for WindowsStandalone target not found
Refreshing native plugins compatible for Editor in 0.81 ms, found 1 plugins.
Preloading 0 native plugins for Editor in 0.00 ms.
Invoked RoslynAnalysisRunner static constructor.
RoslynAnalysisRunner will not be running.
RoslynAnalysisRunner has terminated.
Mono: successfully reloaded assembly
- Completed reload, in  1.140 seconds
Platform modules already initialized, skipping
Refreshing native plugins compatible for Editor in 0.63 ms, found 1 plugins.
Preloading 0 native plugins for Editor in 0.00 ms.
Unloading 1793 Unused Serialized files (Serialized files now loaded: 0)
System memory in use before: 88.7 MB.
System memory in use after: 88.7 MB.

Unloading 11 unused Assets to reduce memory usage. Loaded Objects now: 2295.
Total: 2.709000 ms (FindLiveObjects: 0.229600 ms CreateObjectMapping: 0.086400 ms MarkObjects: 2.247300 ms  DeleteObjects: 0.142200 ms)

========================================================================
Received Prepare
Registering precompiled user dll's ...
Registered in 0.001423 seconds.
Begin MonoManager ReloadAssembly
Native extension for WindowsStandalone target not found
Refreshing native plugins compatible for Editor in 0.94 ms, found 1 plugins.
Preloading 0 native plugins for Editor in 0.00 ms.
Invoked RoslynAnalysisRunner static constructor.
RoslynAnalysisRunner will not be running.
RoslynAnalysisRunner has terminated.
Mono: successfully reloaded assembly
- Completed reload, in  1.196 seconds
Platform modules already initialized, skipping
Refreshing native plugins compatible for Editor in 0.46 ms, found 1 plugins.
Preloading 0 native plugins for Editor in 0.00 ms.
Unloading 1793 Unused Serialized files (Serialized files now loaded: 0)
System memory in use before: 88.7 MB.
System memory in use after: 88.7 MB.

Unloading 11 unused Assets to reduce memory usage. Loaded Objects now: 2298.
Total: 2.075400 ms (FindLiveObjects: 0.203500 ms CreateObjectMapping: 0.090500 ms MarkObjects: 1.665500 ms  DeleteObjects: 0.114000 ms)

========================================================================
Received Prepare
Registering precompiled user dll's ...
Registered in 0.001182 seconds.
Begin MonoManager ReloadAssembly
Native extension for WindowsStandalone target not found
Refreshing native plugins compatible for Editor in 0.48 ms, found 1 plugins.
Preloading 0 native plugins for Editor in 0.00 ms.
Invoked RoslynAnalysisRunner static constructor.
RoslynAnalysisRunner will not be running.
RoslynAnalysisRunner has terminated.
Mono: successfully reloaded assembly
- Completed reload, in  1.163 seconds
Platform modules already initialized, skipping
Refreshing native plugins compatible for Editor in 0.46 ms, found 1 plugins.
Preloading 0 native plugins for Editor in 0.00 ms.
Unloading 1793 Unused Serialized files (Serialized files now loaded: 0)
System memory in use before: 88.7 MB.
System memory in use after: 88.7 MB.

Unloading 11 unused Assets to reduce memory usage. Loaded Objects now: 2301.
Total: 2.304000 ms (FindLiveObjects: 0.291900 ms CreateObjectMapping: 0.109000 ms MarkObjects: 1.794500 ms  DeleteObjects: 0.107300 ms)

========================================================================
Received Prepare
Registering precompiled user dll's ...
Registered in 0.001605 seconds.
Begin MonoManager ReloadAssembly
Native extension for WindowsStandalone target not found
Refreshing native plugins compatible for Editor in 0.90 ms, found 1 plugins.
Preloading 0 native plugins for Editor in 0.00 ms.
Invoked RoslynAnalysisRunner static constructor.
RoslynAnalysisRunner will not be running.
RoslynAnalysisRunner has terminated.
Mono: successfully reloaded assembly
- Completed reload, in  1.126 seconds
Platform modules already initialized, skipping
Refreshing native plugins compatible for Editor in 0.57 ms, found 1 plugins.
Preloading 0 native plugins for Editor in 0.00 ms.
Unloading 1793 Unused Serialized files (Serialized files now loaded: 0)
System memory in use before: 88.7 MB.
System memory in use after: 88.7 MB.

Unloading 11 unused Assets to reduce memory usage. Loaded Objects now: 2304.
Total: 2.758400 ms (FindLiveObjects: 0.189400 ms CreateObjectMapping: 0.077400 ms MarkObjects: 2.379000 ms  DeleteObjects: 0.111500 ms)

========================================================================
Received Prepare
Registering precompiled user dll's ...
Registered in 0.001646 seconds.
Begin MonoManager ReloadAssembly
Native extension for WindowsStandalone target not found
Refreshing native plugins compatible for Editor in 0.57 ms, found 1 plugins.
Preloading 0 native plugins for Editor in 0.00 ms.
Invoked RoslynAnalysisRunner static constructor.
RoslynAnalysisRunner will not be running.
RoslynAnalysisRunner has terminated.
Mono: successfully reloaded assembly
- Completed reload, in  1.169 seconds
Platform modules already initialized, skipping
Refreshing native plugins compatible for Editor in 0.46 ms, found 1 plugins.
Preloading 0 native plugins for Editor in 0.00 ms.
Unloading 1793 Unused Serialized files (Serialized files now loaded: 0)
System memory in use before: 88.7 MB.
System memory in use after: 88.7 MB.

Unloading 11 unused Assets to reduce memory usage. Loaded Objects now: 2307.
Total: 2.192600 ms (FindLiveObjects: 0.220500 ms CreateObjectMapping: 0.095600 ms MarkObjects: 1.777200 ms  DeleteObjects: 0.098400 ms)

========================================================================
Received Prepare
Registering precompiled user dll's ...
Registered in 0.001390 seconds.
Begin MonoManager ReloadAssembly
Native extension for WindowsStandalone target not found
Refreshing native plugins compatible for Editor in 1.15 ms, found 1 plugins.
Preloading 0 native plugins for Editor in 0.00 ms.
Invoked RoslynAnalysisRunner static constructor.
RoslynAnalysisRunner will not be running.
RoslynAnalysisRunner has terminated.
Mono: successfully reloaded assembly
- Completed reload, in  1.126 seconds
Platform modules already initialized, skipping
Refreshing native plugins compatible for Editor in 0.58 ms, found 1 plugins.
Preloading 0 native plugins for Editor in 0.00 ms.
Unloading 1793 Unused Serialized files (Serialized files now loaded: 0)
System memory in use before: 88.7 MB.
System memory in use after: 88.7 MB.

Unloading 11 unused Assets to reduce memory usage. Loaded Objects now: 2310.
Total: 2.793400 ms (FindLiveObjects: 0.198700 ms CreateObjectMapping: 0.080300 ms MarkObjects: 2.409400 ms  DeleteObjects: 0.103700 ms)

========================================================================
Received Prepare
Registering precompiled user dll's ...
Registered in 0.001975 seconds.
Begin MonoManager ReloadAssembly
Native extension for WindowsStandalone target not found
Refreshing native plugins compatible for Editor in 0.64 ms, found 1 plugins.
Preloading 0 native plugins for Editor in 0.00 ms.
Invoked RoslynAnalysisRunner static constructor.
RoslynAnalysisRunner will not be running.
RoslynAnalysisRunner has terminated.
Mono: successfully reloaded assembly
- Completed reload, in  1.137 seconds
Platform modules already initialized, skipping
Refreshing native plugins compatible for Editor in 0.71 ms, found 1 plugins.
Preloading 0 native plugins for Editor in 0.00 ms.
Unloading 1793 Unused Serialized files (Serialized files now loaded: 0)
System memory in use before: 88.7 MB.
System memory in use after: 88.7 MB.

Unloading 11 unused Assets to reduce memory usage. Loaded Objects now: 2313.
Total: 2.054600 ms (FindLiveObjects: 0.194800 ms CreateObjectMapping: 0.080600 ms MarkObjects: 1.680400 ms  DeleteObjects: 0.096900 ms)

========================================================================
Received Prepare
Registering precompiled user dll's ...
Registered in 0.001288 seconds.
Begin MonoManager ReloadAssembly
Native extension for WindowsStandalone target not found
Refreshing native plugins compatible for Editor in 0.62 ms, found 1 plugins.
Preloading 0 native plugins for Editor in 0.00 ms.
Invoked RoslynAnalysisRunner static constructor.
RoslynAnalysisRunner will not be running.
RoslynAnalysisRunner has terminated.
Mono: successfully reloaded assembly
- Completed reload, in  1.236 seconds
Platform modules already initialized, skipping
Refreshing native plugins compatible for Editor in 0.91 ms, found 1 plugins.
Preloading 0 native plugins for Editor in 0.00 ms.
Unloading 1793 Unused Serialized files (Serialized files now loaded: 0)
System memory in use before: 88.7 MB.
System memory in use after: 88.7 MB.

Unloading 11 unused Assets to reduce memory usage. Loaded Objects now: 2316.
Total: 2.126200 ms (FindLiveObjects: 0.201300 ms CreateObjectMapping: 0.083900 ms MarkObjects: 1.742500 ms  DeleteObjects: 0.097300 ms)

========================================================================
Received Prepare
Registering precompiled user dll's ...
Registered in 0.001327 seconds.
Begin MonoManager ReloadAssembly
Native extension for WindowsStandalone target not found
Refreshing native plugins compatible for Editor in 0.49 ms, found 1 plugins.
Preloading 0 native plugins for Editor in 0.00 ms.
Invoked RoslynAnalysisRunner static constructor.
RoslynAnalysisRunner will not be running.
RoslynAnalysisRunner has terminated.
Mono: successfully reloaded assembly
- Completed reload, in  1.274 seconds
Platform modules already initialized, skipping
Refreshing native plugins compatible for Editor in 0.57 ms, found 1 plugins.
Preloading 0 native plugins for Editor in 0.00 ms.
Unloading 1793 Unused Serialized files (Serialized files now loaded: 0)
System memory in use before: 88.7 MB.
System memory in use after: 88.8 MB.

Unloading 11 unused Assets to reduce memory usage. Loaded Objects now: 2319.
Total: 2.664400 ms (FindLiveObjects: 0.232400 ms CreateObjectMapping: 0.087500 ms MarkObjects: 2.216200 ms  DeleteObjects: 0.126400 ms)

========================================================================
Received Prepare
Registering precompiled user dll's ...
Registered in 0.002027 seconds.
Begin MonoManager ReloadAssembly
Native extension for WindowsStandalone target not found
Refreshing native plugins compatible for Editor in 0.61 ms, found 1 plugins.
Preloading 0 native plugins for Editor in 0.00 ms.
Invoked RoslynAnalysisRunner static constructor.
RoslynAnalysisRunner will not be running.
RoslynAnalysisRunner has terminated.
Mono: successfully reloaded assembly
- Completed reload, in  1.072 seconds
Platform modules already initialized, skipping
Refreshing native plugins compatible for Editor in 0.82 ms, found 1 plugins.
Preloading 0 native plugins for Editor in 0.00 ms.
Unloading 1794 Unused Serialized files (Serialized files now loaded: 0)
System memory in use before: 88.8 MB.
System memory in use after: 88.8 MB.

Unloading 11 unused Assets to reduce memory usage. Loaded Objects now: 2323.
Total: 3.610400 ms (FindLiveObjects: 0.420000 ms CreateObjectMapping: 0.387900 ms MarkObjects: 2.689300 ms  DeleteObjects: 0.111200 ms)

========================================================================
Received Prepare
Registering precompiled user dll's ...
Registered in 0.001874 seconds.
Begin MonoManager ReloadAssembly
Native extension for WindowsStandalone target not found
Refreshing native plugins compatible for Editor in 0.54 ms, found 1 plugins.
Preloading 0 native plugins for Editor in 0.00 ms.
Invoked RoslynAnalysisRunner static constructor.
RoslynAnalysisRunner will not be running.
RoslynAnalysisRunner has terminated.
Mono: successfully reloaded assembly
- Completed reload, in  1.091 seconds
Platform modules already initialized, skipping
Refreshing native plugins compatible for Editor in 0.45 ms, found 1 plugins.
Preloading 0 native plugins for Editor in 0.00 ms.
Unloading 1794 Unused Serialized files (Serialized files now loaded: 0)
System memory in use before: 88.8 MB.
System memory in use after: 88.8 MB.

Unloading 11 unused Assets to reduce memory usage. Loaded Objects now: 2326.
Total: 2.638900 ms (FindLiveObjects: 0.282600 ms CreateObjectMapping: 0.110600 ms MarkObjects: 2.111600 ms  DeleteObjects: 0.132800 ms)

========================================================================
Received Prepare
Registering precompiled user dll's ...
Registered in 0.001638 seconds.
Begin MonoManager ReloadAssembly
Native extension for WindowsStandalone target not found
Refreshing native plugins compatible for Editor in 1.07 ms, found 1 plugins.
Preloading 0 native plugins for Editor in 0.00 ms.
Invoked RoslynAnalysisRunner static constructor.
RoslynAnalysisRunner will not be running.
RoslynAnalysisRunner has terminated.
Mono: successfully reloaded assembly
- Completed reload, in  1.179 seconds
Platform modules already initialized, skipping
Refreshing native plugins compatible for Editor in 0.49 ms, found 1 plugins.
Preloading 0 native plugins for Editor in 0.00 ms.
Unloading 1794 Unused Serialized files (Serialized files now loaded: 0)
System memory in use before: 88.8 MB.
System memory in use after: 88.8 MB.

Unloading 11 unused Assets to reduce memory usage. Loaded Objects now: 2329.
Total: 2.386500 ms (FindLiveObjects: 0.207900 ms CreateObjectMapping: 0.074700 ms MarkObjects: 1.988500 ms  DeleteObjects: 0.113700 ms)

========================================================================
Received Prepare
Registering precompiled user dll's ...
Registered in 0.001243 seconds.
Begin MonoManager ReloadAssembly
Native extension for WindowsStandalone target not found
Refreshing native plugins compatible for Editor in 0.63 ms, found 1 plugins.
Preloading 0 native plugins for Editor in 0.00 ms.
Invoked RoslynAnalysisRunner static constructor.
RoslynAnalysisRunner will not be running.
RoslynAnalysisRunner has terminated.
Mono: successfully reloaded assembly
- Completed reload, in  1.156 seconds
Platform modules already initialized, skipping
Refreshing native plugins compatible for Editor in 0.71 ms, found 1 plugins.
Preloading 0 native plugins for Editor in 0.00 ms.
Unloading 1794 Unused Serialized files (Serialized files now loaded: 0)
System memory in use before: 88.8 MB.
System memory in use after: 88.8 MB.

Unloading 11 unused Assets to reduce memory usage. Loaded Objects now: 2332.
Total: 2.201000 ms (FindLiveObjects: 0.195600 ms CreateObjectMapping: 0.076300 ms MarkObjects: 1.797600 ms  DeleteObjects: 0.130300 ms)

========================================================================
Received Prepare
Registering precompiled user dll's ...
Registered in 0.001629 seconds.
Begin MonoManager ReloadAssembly
Native extension for WindowsStandalone target not found
Refreshing native plugins compatible for Editor in 0.61 ms, found 1 plugins.
Preloading 0 native plugins for Editor in 0.00 ms.
Invoked RoslynAnalysisRunner static constructor.
RoslynAnalysisRunner will not be running.
RoslynAnalysisRunner has terminated.
Mono: successfully reloaded assembly
- Completed reload, in  1.147 seconds
Platform modules already initialized, skipping
Refreshing native plugins compatible for Editor in 0.60 ms, found 1 plugins.
Preloading 0 native plugins for Editor in 0.00 ms.
Unloading 1794 Unused Serialized files (Serialized files now loaded: 0)
System memory in use before: 88.8 MB.
System memory in use after: 88.8 MB.

Unloading 11 unused Assets to reduce memory usage. Loaded Objects now: 2335.
Total: 2.430100 ms (FindLiveObjects: 0.305800 ms CreateObjectMapping: 0.108100 ms MarkObjects: 1.879500 ms  DeleteObjects: 0.135500 ms)

========================================================================
Received Prepare
Registering precompiled user dll's ...
Registered in 0.002339 seconds.
Begin MonoManager ReloadAssembly
Native extension for WindowsStandalone target not found
Refreshing native plugins compatible for Editor in 0.47 ms, found 1 plugins.
Preloading 0 native plugins for Editor in 0.00 ms.
Invoked RoslynAnalysisRunner static constructor.
RoslynAnalysisRunner will not be running.
RoslynAnalysisRunner has terminated.
Mono: successfully reloaded assembly
- Completed reload, in  1.190 seconds
Platform modules already initialized, skipping
Refreshing native plugins compatible for Editor in 0.54 ms, found 1 plugins.
Preloading 0 native plugins for Editor in 0.00 ms.
Unloading 1794 Unused Serialized files (Serialized files now loaded: 0)
System memory in use before: 88.8 MB.
System memory in use after: 88.8 MB.

Unloading 11 unused Assets to reduce memory usage. Loaded Objects now: 2338.
Total: 2.554800 ms (FindLiveObjects: 0.214300 ms CreateObjectMapping: 0.069700 ms MarkObjects: 2.054200 ms  DeleteObjects: 0.215400 ms)

========================================================================
Received Prepare
Registering precompiled user dll's ...
Registered in 0.001728 seconds.
Begin MonoManager ReloadAssembly
Native extension for WindowsStandalone target not found
Refreshing native plugins compatible for Editor in 0.71 ms, found 1 plugins.
Preloading 0 native plugins for Editor in 0.00 ms.
Invoked RoslynAnalysisRunner static constructor.
RoslynAnalysisRunner will not be running.
RoslynAnalysisRunner has terminated.
Mono: successfully reloaded assembly
- Completed reload, in  1.034 seconds
Platform modules already initialized, skipping
Refreshing native plugins compatible for Editor in 0.61 ms, found 1 plugins.
Preloading 0 native plugins for Editor in 0.00 ms.
Unloading 1794 Unused Serialized files (Serialized files now loaded: 0)
System memory in use before: 88.8 MB.
System memory in use after: 88.8 MB.

Unloading 11 unused Assets to reduce memory usage. Loaded Objects now: 2341.
Total: 3.159900 ms (FindLiveObjects: 0.341400 ms CreateObjectMapping: 0.158600 ms MarkObjects: 2.449000 ms  DeleteObjects: 0.209000 ms)

========================================================================
Received Prepare
Registering precompiled user dll's ...
Registered in 0.001217 seconds.
Begin MonoManager ReloadAssembly
Native extension for WindowsStandalone target not found
Refreshing native plugins compatible for Editor in 0.65 ms, found 1 plugins.
Preloading 0 native plugins for Editor in 0.00 ms.
Invoked RoslynAnalysisRunner static constructor.
RoslynAnalysisRunner will not be running.
RoslynAnalysisRunner has terminated.
Mono: successfully reloaded assembly
- Completed reload, in  1.162 seconds
Platform modules already initialized, skipping
Refreshing native plugins compatible for Editor in 0.50 ms, found 1 plugins.
Preloading 0 native plugins for Editor in 0.00 ms.
Unloading 1794 Unused Serialized files (Serialized files now loaded: 0)
System memory in use before: 88.8 MB.
System memory in use after: 88.8 MB.

Unloading 11 unused Assets to reduce memory usage. Loaded Objects now: 2344.
Total: 3.146400 ms (FindLiveObjects: 0.290100 ms CreateObjectMapping: 0.128100 ms MarkObjects: 2.622000 ms  DeleteObjects: 0.104200 ms)

========================================================================
Received Prepare
Registering precompiled user dll's ...
Registered in 0.001298 seconds.
Begin MonoManager ReloadAssembly
Native extension for WindowsStandalone target not found
Refreshing native plugins compatible for Editor in 0.46 ms, found 1 plugins.
Preloading 0 native plugins for Editor in 0.00 ms.
Invoked RoslynAnalysisRunner static constructor.
RoslynAnalysisRunner will not be running.
RoslynAnalysisRunner has terminated.
Mono: successfully reloaded assembly
- Completed reload, in  1.317 seconds
Platform modules already initialized, skipping
Refreshing native plugins compatible for Editor in 0.46 ms, found 1 plugins.
Preloading 0 native plugins for Editor in 0.00 ms.
Unloading 1794 Unused Serialized files (Serialized files now loaded: 0)
System memory in use before: 88.8 MB.
System memory in use after: 88.8 MB.

Unloading 11 unused Assets to reduce memory usage. Loaded Objects now: 2347.
Total: 2.206200 ms (FindLiveObjects: 0.283100 ms CreateObjectMapping: 0.109500 ms MarkObjects: 1.714300 ms  DeleteObjects: 0.098100 ms)

========================================================================
Received Prepare
Registering precompiled user dll's ...
Registered in 0.001246 seconds.
Begin MonoManager ReloadAssembly
Native extension for WindowsStandalone target not found
Refreshing native plugins compatible for Editor in 0.46 ms, found 1 plugins.
Preloading 0 native plugins for Editor in 0.00 ms.
Invoked RoslynAnalysisRunner static constructor.
RoslynAnalysisRunner will not be running.
RoslynAnalysisRunner has terminated.
Mono: successfully reloaded assembly
- Completed reload, in  1.145 seconds
Platform modules already initialized, skipping
Refreshing native plugins compatible for Editor in 0.56 ms, found 1 plugins.
Preloading 0 native plugins for Editor in 0.00 ms.
Unloading 1794 Unused Serialized files (Serialized files now loaded: 0)
System memory in use before: 88.8 MB.
System memory in use after: 88.8 MB.

Unloading 11 unused Assets to reduce memory usage. Loaded Objects now: 2350.
Total: 3.477700 ms (FindLiveObjects: 0.224100 ms CreateObjectMapping: 0.100600 ms MarkObjects: 3.021600 ms  DeleteObjects: 0.129800 ms)

========================================================================
Received Import Request.
  Time since last request: 1514.135981 seconds.
  path: ProjectSettings/TagManager.asset
  artifactKey: Guid(00000000000000003000000000000000) Importer(815301076,1909f56bfc062723c751e8b465ee728b)
Start importing ProjectSettings/TagManager.asset using Guid(00000000000000003000000000000000) Importer(815301076,1909f56bfc062723c751e8b465ee728b)  -> (artifact id: 'cca378d0d88879a1338fd6735b38e67f') in 0.026581 seconds
  Import took 0.030228 seconds .

========================================================================
Received Import Request.
  Time since last request: 0.410748 seconds.
  path: ProjectSettings/TagManager.asset
  artifactKey: Guid(00000000000000003000000000000000) Importer(815301076,1909f56bfc062723c751e8b465ee728b)
Start importing ProjectSettings/TagManager.asset using Guid(00000000000000003000000000000000) Importer(815301076,1909f56bfc062723c751e8b465ee728b)  -> (artifact id: 'cca378d0d88879a1338fd6735b38e67f') in 0.005349 seconds
  Import took 0.009088 seconds .

========================================================================
Received Prepare
Registering precompiled user dll's ...
Registered in 0.001904 seconds.
Begin MonoManager ReloadAssembly
Native extension for WindowsStandalone target not found
Refreshing native plugins compatible for Editor in 0.45 ms, found 1 plugins.
Preloading 0 native plugins for Editor in 0.00 ms.
Invoked RoslynAnalysisRunner static constructor.
RoslynAnalysisRunner will not be running.
RoslynAnalysisRunner has terminated.
Mono: successfully reloaded assembly
- Completed reload, in  1.146 seconds
Platform modules already initialized, skipping
Refreshing native plugins compatible for Editor in 0.46 ms, found 1 plugins.
Preloading 0 native plugins for Editor in 0.00 ms.
Unloading 1794 Unused Serialized files (Serialized files now loaded: 0)
System memory in use before: 88.9 MB.
System memory in use after: 88.9 MB.

Unloading 13 unused Assets to reduce memory usage. Loaded Objects now: 2353.
Total: 2.591200 ms (FindLiveObjects: 0.314600 ms CreateObjectMapping: 0.110000 ms MarkObjects: 2.055800 ms  DeleteObjects: 0.108700 ms)

========================================================================
Received Prepare
Registering precompiled user dll's ...
Registered in 0.001565 seconds.
Begin MonoManager ReloadAssembly
Native extension for WindowsStandalone target not found
Refreshing native plugins compatible for Editor in 0.51 ms, found 1 plugins.
Preloading 0 native plugins for Editor in 0.00 ms.
Invoked RoslynAnalysisRunner static constructor.
RoslynAnalysisRunner will not be running.
RoslynAnalysisRunner has terminated.
Mono: successfully reloaded assembly
- Completed reload, in  1.132 seconds
Platform modules already initialized, skipping
Refreshing native plugins compatible for Editor in 0.45 ms, found 1 plugins.
Preloading 0 native plugins for Editor in 0.00 ms.
Unloading 1794 Unused Serialized files (Serialized files now loaded: 0)
System memory in use before: 88.9 MB.
System memory in use after: 88.9 MB.

Unloading 11 unused Assets to reduce memory usage. Loaded Objects now: 2356.
Total: 3.130900 ms (FindLiveObjects: 0.204400 ms CreateObjectMapping: 0.081500 ms MarkObjects: 2.381300 ms  DeleteObjects: 0.460000 ms)

========================================================================
Received Prepare
Registering precompiled user dll's ...
Registered in 0.001442 seconds.
Begin MonoManager ReloadAssembly
Native extension for WindowsStandalone target not found
Refreshing native plugins compatible for Editor in 0.43 ms, found 1 plugins.
Preloading 0 native plugins for Editor in 0.00 ms.
Invoked RoslynAnalysisRunner static constructor.
RoslynAnalysisRunner will not be running.
RoslynAnalysisRunner has terminated.
Mono: successfully reloaded assembly
- Completed reload, in  1.159 seconds
Platform modules already initialized, skipping
Refreshing native plugins compatible for Editor in 0.77 ms, found 1 plugins.
Preloading 0 native plugins for Editor in 0.00 ms.
Unloading 1794 Unused Serialized files (Serialized files now loaded: 0)
System memory in use before: 88.9 MB.
System memory in use after: 88.9 MB.

Unloading 11 unused Assets to reduce memory usage. Loaded Objects now: 2359.
Total: 2.474000 ms (FindLiveObjects: 0.341400 ms CreateObjectMapping: 0.132300 ms MarkObjects: 1.889300 ms  DeleteObjects: 0.109600 ms)

========================================================================
Received Prepare
Registering precompiled user dll's ...
Registered in 0.001281 seconds.
Begin MonoManager ReloadAssembly
Native extension for WindowsStandalone target not found
Refreshing native plugins compatible for Editor in 0.45 ms, found 1 plugins.
Preloading 0 native plugins for Editor in 0.00 ms.
Invoked RoslynAnalysisRunner static constructor.
RoslynAnalysisRunner will not be running.
RoslynAnalysisRunner has terminated.
Mono: successfully reloaded assembly
- Completed reload, in  1.103 seconds
Platform modules already initialized, skipping
Refreshing native plugins compatible for Editor in 0.53 ms, found 1 plugins.
Preloading 0 native plugins for Editor in 0.00 ms.
Unloading 1794 Unused Serialized files (Serialized files now loaded: 0)
System memory in use before: 88.9 MB.
System memory in use after: 88.9 MB.

Unloading 11 unused Assets to reduce memory usage. Loaded Objects now: 2362.
Total: 2.388600 ms (FindLiveObjects: 0.226500 ms CreateObjectMapping: 0.071700 ms MarkObjects: 1.981100 ms  DeleteObjects: 0.108100 ms)

========================================================================
Received Import Request.
  Time since last request: 510.825401 seconds.
  path: Assets/Scenes/MainScreen.unity
  artifactKey: Guid(d14c7518b3979e8479cae76c1c368257) Importer(815301076,1909f56bfc062723c751e8b465ee728b)
Start importing Assets/Scenes/MainScreen.unity using Guid(d14c7518b3979e8479cae76c1c368257) Importer(815301076,1909f56bfc062723c751e8b465ee728b)  -> (artifact id: '8d4f5d1b553417e8d8350ace32b51e41') in 0.032062 seconds
  Import took 0.037357 seconds .

========================================================================
Received Import Request.
  Time since last request: 4.450270 seconds.
  path: Assets/Scenes/MainScreen.unity
  artifactKey: Guid(d14c7518b3979e8479cae76c1c368257) Importer(815301076,1909f56bfc062723c751e8b465ee728b)
Start importing Assets/Scenes/MainScreen.unity using Guid(d14c7518b3979e8479cae76c1c368257) Importer(815301076,1909f56bfc062723c751e8b465ee728b)  -> (artifact id: '2a43d4c993ba6e645066195baa2677d1') in 0.004872 seconds
  Import took 0.010010 seconds .

========================================================================
Received Import Request.
  Time since last request: 1.404613 seconds.
  path: Assets/Scenes/Level1.unity
  artifactKey: Guid(da5e757a4def2b04e9acd98f454f8ca0) Importer(815301076,1909f56bfc062723c751e8b465ee728b)
Start importing Assets/Scenes/Level1.unity using Guid(da5e757a4def2b04e9acd98f454f8ca0) Importer(815301076,1909f56bfc062723c751e8b465ee728b)  -> (artifact id: '049ebcf9e9c7606b5ab3986a834cd46a') in 0.012182 seconds
  Import took 0.016221 seconds .

========================================================================
Received Import Request.
  Time since last request: 4.388070 seconds.
  path: Assets/Scenes/SampleScene.unity
  artifactKey: Guid(2cda990e2423bbf4892e6590ba056729) Importer(815301076,1909f56bfc062723c751e8b465ee728b)
Start importing Assets/Scenes/SampleScene.unity using Guid(2cda990e2423bbf4892e6590ba056729) Importer(815301076,1909f56bfc062723c751e8b465ee728b)  -> (artifact id: '76ae29fddb34cf29b07fd08b203aa2a4') in 0.010344 seconds
  Import took 0.016421 seconds .

========================================================================
Received Import Request.
  Time since last request: 94.992667 seconds.
  path: Assets/Scenes/MainScreen.unity
  artifactKey: Guid(d14c7518b3979e8479cae76c1c368257) Importer(815301076,1909f56bfc062723c751e8b465ee728b)
Start importing Assets/Scenes/MainScreen.unity using Guid(d14c7518b3979e8479cae76c1c368257) Importer(815301076,1909f56bfc062723c751e8b465ee728b)  -> (artifact id: '5bdb5dceffc9f6f595f788b514ac3128') in 0.005587 seconds
  Import took 0.011286 seconds .

========================================================================
Received Import Request.
  Time since last request: 189.080436 seconds.
  path: Assets/BayatGames/Free Platform Game Assets
  artifactKey: Guid(fca484a638c989e4d899378f52d7c168) Importer(815301076,1909f56bfc062723c751e8b465ee728b)
Start importing Assets/BayatGames/Free Platform Game Assets using Guid(fca484a638c989e4d899378f52d7c168) Importer(815301076,1909f56bfc062723c751e8b465ee728b)  -> (artifact id: 'dbb6d40043f743ad6e64599bdc20d90d') in 0.012591 seconds
  Import took 0.017218 seconds .

========================================================================
Received Import Request.
  Time since last request: 0.001503 seconds.
  path: Assets/BayatGames/Free Platform Game Assets
  artifactKey: Guid(fca484a638c989e4d899378f52d7c168) Importer(815301076,1909f56bfc062723c751e8b465ee728b)
Start importing Assets/BayatGames/Free Platform Game Assets using Guid(fca484a638c989e4d899378f52d7c168) Importer(815301076,1909f56bfc062723c751e8b465ee728b)  -> (artifact id: 'dbb6d40043f743ad6e64599bdc20d90d') in 0.005628 seconds
  Import took 0.011074 seconds .

========================================================================
Received Import Request.
  Time since last request: 5.753448 seconds.
  path: Assets/BayatGames/Free Platform Game Assets/GUI ( Update 1.7 )
  artifactKey: Guid(00fb8ddcecb19e2478f01757463055bd) Importer(815301076,1909f56bfc062723c751e8b465ee728b)
Start importing Assets/BayatGames/Free Platform Game Assets/GUI ( Update 1.7 ) using Guid(00fb8ddcecb19e2478f01757463055bd) Importer(815301076,1909f56bfc062723c751e8b465ee728b)  -> (artifact id: 'c89e46dc4b62b7356f1cda4c8aec51e8') in 0.010455 seconds
  Import took 0.014382 seconds .

========================================================================
Received Import Request.
  Time since last request: 0.000577 seconds.
  path: Assets/BayatGames/Free Platform Game Assets/GUI ( Update 1.7 )
  artifactKey: Guid(00fb8ddcecb19e2478f01757463055bd) Importer(815301076,1909f56bfc062723c751e8b465ee728b)
Start importing Assets/BayatGames/Free Platform Game Assets/GUI ( Update 1.7 ) using Guid(00fb8ddcecb19e2478f01757463055bd) Importer(815301076,1909f56bfc062723c751e8b465ee728b)  -> (artifact id: 'c89e46dc4b62b7356f1cda4c8aec51e8') in 0.003758 seconds
  Import took 0.007507 seconds .

========================================================================
Received Import Request.
  Time since last request: 3.553410 seconds.
  path: Assets/BayatGames/Free Platform Game Assets/GUI ( Update 1.7 )/png
  artifactKey: Guid(8477585062ea4ab47bf3c29a89d61aaa) Importer(815301076,1909f56bfc062723c751e8b465ee728b)
Start importing Assets/BayatGames/Free Platform Game Assets/GUI ( Update 1.7 )/png using Guid(8477585062ea4ab47bf3c29a89d61aaa) Importer(815301076,1909f56bfc062723c751e8b465ee728b)  -> (artifact id: '5287264091304f78bf0fcf3081041332') in 0.013693 seconds
  Import took 0.019957 seconds .

========================================================================
Received Import Request.
  Time since last request: 0.663810 seconds.
  path: Assets/BayatGames/Free Platform Game Assets/GUI ( Update 1.7 )/eps
  artifactKey: Guid(ca0e229cf857c6743b3782715a3c0503) Importer(815301076,1909f56bfc062723c751e8b465ee728b)
Start importing Assets/BayatGames/Free Platform Game Assets/GUI ( Update 1.7 )/eps using Guid(ca0e229cf857c6743b3782715a3c0503) Importer(815301076,1909f56bfc062723c751e8b465ee728b)  -> (artifact id: '09b2c704005b8a8f7783cbb2db2bb264') in 0.016084 seconds
  Import took 0.021767 seconds .

========================================================================
Received Import Request.
  Time since last request: 10.862770 seconds.
  path: Assets/BayatGames/Free Platform Game Assets/GUI ( Update 1.7 )/ai
  artifactKey: Guid(9090c4659237e1949a6ee08e41238870) Importer(815301076,1909f56bfc062723c751e8b465ee728b)
Start importing Assets/BayatGames/Free Platform Game Assets/GUI ( Update 1.7 )/ai using Guid(9090c4659237e1949a6ee08e41238870) Importer(815301076,1909f56bfc062723c751e8b465ee728b)  -> (artifact id: 'aac3354855b07a1b6a382aa9b5624e7d') in 0.012086 seconds
  Import took 0.017793 seconds .

========================================================================
Received Import Request.
  Time since last request: 3.456008 seconds.
  path: Assets/BayatGames/Free Platform Game Assets/Tiles
  artifactKey: Guid(9967777a9fc49854c981eb9ebd1bb605) Importer(815301076,1909f56bfc062723c751e8b465ee728b)
Start importing Assets/BayatGames/Free Platform Game Assets/Tiles using Guid(9967777a9fc49854c981eb9ebd1bb605) Importer(815301076,1909f56bfc062723c751e8b465ee728b)  -> (artifact id: '3c87786a2e75bbb2c2250cadeaad6ae0') in 0.010473 seconds
  Import took 0.014922 seconds .

========================================================================
Received Import Request.
  Time since last request: 1.442985 seconds.
  path: Assets/BayatGames/Free Platform Game Assets/Tiles/2D Tiles ( Update 1.9 )
  artifactKey: Guid(f24df406af5b44d4b93237a1564ea376) Importer(815301076,1909f56bfc062723c751e8b465ee728b)
Start importing Assets/BayatGames/Free Platform Game Assets/Tiles/2D Tiles ( Update 1.9 ) using Guid(f24df406af5b44d4b93237a1564ea376) Importer(815301076,1909f56bfc062723c751e8b465ee728b)  -> (artifact id: 'a8e4581f1e4586e001ef6a87183d21eb') in 0.014154 seconds
  Import took 0.020375 seconds .

========================================================================
Received Import Request.
  Time since last request: 2.472220 seconds.
  path: Assets/BayatGames/Free Platform Game Assets/Tiles/2D Tiles ( Update 1.9 )/Winter
  artifactKey: Guid(3ef4fc8d15ae88443adc23afa70eb394) Importer(815301076,1909f56bfc062723c751e8b465ee728b)
Start importing Assets/BayatGames/Free Platform Game Assets/Tiles/2D Tiles ( Update 1.9 )/Winter using Guid(3ef4fc8d15ae88443adc23afa70eb394) Importer(815301076,1909f56bfc062723c751e8b465ee728b)  -> (artifact id: 'ae3d87da75d50509443e39d63fba5e82') in 0.009172 seconds
  Import took 0.013247 seconds .

========================================================================
Received Import Request.
  Time since last request: 0.001493 seconds.
  path: Assets/BayatGames/Free Platform Game Assets/Tiles/2D Tiles ( Update 1.9 )/Winter
  artifactKey: Guid(3ef4fc8d15ae88443adc23afa70eb394) Importer(815301076,1909f56bfc062723c751e8b465ee728b)
Start importing Assets/BayatGames/Free Platform Game Assets/Tiles/2D Tiles ( Update 1.9 )/Winter using Guid(3ef4fc8d15ae88443adc23afa70eb394) Importer(815301076,1909f56bfc062723c751e8b465ee728b)  -> (artifact id: 'ae3d87da75d50509443e39d63fba5e82') in 0.004323 seconds
  Import took 0.011248 seconds .

========================================================================
Received Prepare
Registering precompiled user dll's ...
Registered in 0.003353 seconds.
Begin MonoManager ReloadAssembly
Native extension for WindowsStandalone target not found
Refreshing native plugins compatible for Editor in 0.64 ms, found 1 plugins.
Preloading 0 native plugins for Editor in 0.00 ms.
Invoked RoslynAnalysisRunner static constructor.
RoslynAnalysisRunner will not be running.
RoslynAnalysisRunner has terminated.
Mono: successfully reloaded assembly
- Completed reload, in  1.085 seconds
Platform modules already initialized, skipping
Refreshing native plugins compatible for Editor in 0.62 ms, found 1 plugins.
Preloading 0 native plugins for Editor in 0.00 ms.
Unloading 1795 Unused Serialized files (Serialized files now loaded: 0)
System memory in use before: 88.9 MB.
System memory in use after: 89.0 MB.

Unloading 11 unused Assets to reduce memory usage. Loaded Objects now: 2366.
Total: 2.829800 ms (FindLiveObjects: 0.295100 ms CreateObjectMapping: 0.102300 ms MarkObjects: 2.316700 ms  DeleteObjects: 0.114100 ms)

========================================================================
Received Prepare
Registering precompiled user dll's ...
Registered in 0.001742 seconds.
Begin MonoManager ReloadAssembly
Native extension for WindowsStandalone target not found
Refreshing native plugins compatible for Editor in 0.49 ms, found 1 plugins.
Preloading 0 native plugins for Editor in 0.00 ms.
Invoked RoslynAnalysisRunner static constructor.
RoslynAnalysisRunner will not be running.
RoslynAnalysisRunner has terminated.
Mono: successfully reloaded assembly
- Completed reload, in  1.082 seconds
Platform modules already initialized, skipping
Refreshing native plugins compatible for Editor in 0.66 ms, found 1 plugins.
Preloading 0 native plugins for Editor in 0.00 ms.
Unloading 1795 Unused Serialized files (Serialized files now loaded: 0)
System memory in use before: 88.9 MB.
System memory in use after: 89.0 MB.

Unloading 11 unused Assets to reduce memory usage. Loaded Objects now: 2369.
Total: 2.474900 ms (FindLiveObjects: 0.353500 ms CreateObjectMapping: 0.106300 ms MarkObjects: 1.877400 ms  DeleteObjects: 0.136500 ms)

========================================================================
Received Prepare
Registering precompiled user dll's ...
Registered in 0.001446 seconds.
Begin MonoManager ReloadAssembly
Native extension for WindowsStandalone target not found
Refreshing native plugins compatible for Editor in 0.63 ms, found 1 plugins.
Preloading 0 native plugins for Editor in 0.00 ms.
Invoked RoslynAnalysisRunner static constructor.
RoslynAnalysisRunner will not be running.
RoslynAnalysisRunner has terminated.
Mono: successfully reloaded assembly
- Completed reload, in  1.297 seconds
Platform modules already initialized, skipping
Refreshing native plugins compatible for Editor in 0.81 ms, found 1 plugins.
Preloading 0 native plugins for Editor in 0.00 ms.
Unloading 1795 Unused Serialized files (Serialized files now loaded: 0)
System memory in use before: 88.9 MB.
System memory in use after: 89.0 MB.

Unloading 11 unused Assets to reduce memory usage. Loaded Objects now: 2372.
Total: 2.509500 ms (FindLiveObjects: 0.300100 ms CreateObjectMapping: 0.102700 ms MarkObjects: 1.966700 ms  DeleteObjects: 0.138800 ms)

========================================================================
Received Prepare
Registering precompiled user dll's ...
Registered in 0.001840 seconds.
Begin MonoManager ReloadAssembly
Native extension for WindowsStandalone target not found
Refreshing native plugins compatible for Editor in 0.64 ms, found 1 plugins.
Preloading 0 native plugins for Editor in 0.00 ms.
Invoked RoslynAnalysisRunner static constructor.
RoslynAnalysisRunner will not be running.
RoslynAnalysisRunner has terminated.
Mono: successfully reloaded assembly
- Completed reload, in  1.179 seconds
Platform modules already initialized, skipping
Refreshing native plugins compatible for Editor in 0.77 ms, found 1 plugins.
Preloading 0 native plugins for Editor in 0.00 ms.
Unloading 1795 Unused Serialized files (Serialized files now loaded: 0)
System memory in use before: 89.0 MB.
System memory in use after: 89.0 MB.

Unloading 11 unused Assets to reduce memory usage. Loaded Objects now: 2375.
Total: 2.504900 ms (FindLiveObjects: 0.218500 ms CreateObjectMapping: 0.074100 ms MarkObjects: 2.078200 ms  DeleteObjects: 0.133000 ms)

========================================================================
Received Import Request.
  Time since last request: 427.166245 seconds.
  path: Assets/Scenes/MainScreen.unity
  artifactKey: Guid(d14c7518b3979e8479cae76c1c368257) Importer(815301076,1909f56bfc062723c751e8b465ee728b)
Start importing Assets/Scenes/MainScreen.unity using Guid(d14c7518b3979e8479cae76c1c368257) Importer(815301076,1909f56bfc062723c751e8b465ee728b)  -> (artifact id: '704e1017a3149c4fc549d2be2a514c92') in 0.019104 seconds
  Import took 0.025158 seconds .

========================================================================
Received Prepare
Registering precompiled user dll's ...
Registered in 0.001764 seconds.
Begin MonoManager ReloadAssembly
Native extension for WindowsStandalone target not found
Refreshing native plugins compatible for Editor in 0.80 ms, found 1 plugins.
Preloading 0 native plugins for Editor in 0.00 ms.
Invoked RoslynAnalysisRunner static constructor.
RoslynAnalysisRunner will not be running.
RoslynAnalysisRunner has terminated.
Mono: successfully reloaded assembly
- Completed reload, in  1.204 seconds
Platform modules already initialized, skipping
Refreshing native plugins compatible for Editor in 0.47 ms, found 1 plugins.
Preloading 0 native plugins for Editor in 0.00 ms.
Unloading 1795 Unused Serialized files (Serialized files now loaded: 0)
System memory in use before: 89.0 MB.
System memory in use after: 89.0 MB.

Unloading 11 unused Assets to reduce memory usage. Loaded Objects now: 2378.
Total: 2.366100 ms (FindLiveObjects: 0.334700 ms CreateObjectMapping: 0.132300 ms MarkObjects: 1.805900 ms  DeleteObjects: 0.092100 ms)

========================================================================
Received Prepare
Registering precompiled user dll's ...
Registered in 0.001338 seconds.
Begin MonoManager ReloadAssembly
Native extension for WindowsStandalone target not found
Refreshing native plugins compatible for Editor in 0.72 ms, found 1 plugins.
Preloading 0 native plugins for Editor in 0.00 ms.
Invoked RoslynAnalysisRunner static constructor.
RoslynAnalysisRunner will not be running.
RoslynAnalysisRunner has terminated.
Mono: successfully reloaded assembly
- Completed reload, in  1.260 seconds
Platform modules already initialized, skipping
Refreshing native plugins compatible for Editor in 0.70 ms, found 1 plugins.
Preloading 0 native plugins for Editor in 0.00 ms.
Unloading 1795 Unused Serialized files (Serialized files now loaded: 0)
System memory in use before: 89.0 MB.
System memory in use after: 89.0 MB.

Unloading 11 unused Assets to reduce memory usage. Loaded Objects now: 2381.
Total: 2.494800 ms (FindLiveObjects: 0.359900 ms CreateObjectMapping: 0.147600 ms MarkObjects: 1.888200 ms  DeleteObjects: 0.097600 ms)

========================================================================
Received Prepare
Registering precompiled user dll's ...
Registered in 0.002008 seconds.
Begin MonoManager ReloadAssembly
Native extension for WindowsStandalone target not found
Refreshing native plugins compatible for Editor in 0.48 ms, found 1 plugins.
Preloading 0 native plugins for Editor in 0.00 ms.
Invoked RoslynAnalysisRunner static constructor.
RoslynAnalysisRunner will not be running.
RoslynAnalysisRunner has terminated.
Mono: successfully reloaded assembly
- Completed reload, in  1.093 seconds
Platform modules already initialized, skipping
Refreshing native plugins compatible for Editor in 0.45 ms, found 1 plugins.
Preloading 0 native plugins for Editor in 0.00 ms.
Unloading 1795 Unused Serialized files (Serialized files now loaded: 0)
System memory in use before: 89.0 MB.
System memory in use after: 89.0 MB.

Unloading 11 unused Assets to reduce memory usage. Loaded Objects now: 2384.
Total: 2.419000 ms (FindLiveObjects: 0.198300 ms CreateObjectMapping: 0.077200 ms MarkObjects: 1.979000 ms  DeleteObjects: 0.141800 ms)

AssetImportWorkerClient::OnTransportError - code=2 error=End of file
